  Compiling CUDA source file kernel.cu...
  
  D:\JNProject\Code\3DGS\the_gaussian\3DGSRender>"C:\Program Files\NVIDIA GPU Computing Toolkit\CUDA\v11.6\bin\nvcc.exe" -gencode=arch=compute_52,code=\"sm_52,compute_52\" --use-local-env -ccbin "D:\VisualStudio\VC\Tools\MSVC\14.39.33519\bin\HostX64\x64" -x cu   -I"C:\Program Files\NVIDIA GPU Computing Toolkit\CUDA\v11.6\include" -I"C:\Program Files\NVIDIA GPU Computing Toolkit\CUDA\v11.6\include"  -G   --keep-dir 3DGSRender\x64\Debug  -maxrregcount=0  --machine 64 --compile -cudart static  -g  -DWIN32 -DWIN64 -D_DEBUG -D_CONSOLE -DBOOST_USE_WINDOWS_H -DNOMINMAX -D_CRT_SECURE_NO_DEPRECATE -D_MBCS -Xcompiler "/EHsc /W3 /nologo /Od /Fd3DGSRender\x64\Debug\vc143.pdb /FS /Zi /RTC1 /MDd " -o D:\JNProject\Code\3DGS\the_gaussian\3DGSRender\3DGSRender\x64\Debug\kernel.cu.obj "D:\JNProject\Code\3DGS\the_gaussian\3DGSRender\kernel.cu" 
  kernel.cu
  test.cpp
C:\Program Files\PCL 1.14.1\3rdParty\Eigen3\include\eigen3\Eigen\src\Core\arch\Default\Half.h(1,1): warning C4819: 该文件包含不能在当前代码页(936)中表示的字符。请将该文件保存为 Unicode 格式以防止数据丢失
  (编译源文件“test.cpp”)
  
C:\Program Files\PCL 1.14.1\3rdParty\Eigen3\include\eigen3\Eigen\src\Core\arch\Default\BFloat16.h(1,1): warning C4819: 该文件包含不能在当前代码页(936)中表示的字符。请将该文件保存为 Unicode 格式以防止数据丢失
  (编译源文件“test.cpp”)
  
C:\Program Files\PCL 1.14.1\3rdParty\Eigen3\include\eigen3\Eigen\src\Core\arch\Default\GenericPacketMathFunctions.h(676,1): warning C4819: 该文件包含不能在当前代码页(936)中表示的字符。请将该文件保存为 Unicode 格式以防止数据丢失
  (编译源文件“test.cpp”)
  
C:\Program Files\PCL 1.14.1\include\pcl-1.14\pcl\visualization\interactor_style.h(1,1): warning C4819: 该文件包含不能在当前代码页(936)中表示的字符。请将该文件保存为 Unicode 格式以防止数据丢失
  (编译源文件“test.cpp”)
  
C:\Program Files\PCL 1.14.1\include\pcl-1.14\pcl\visualization\pcl_visualizer.h(1603,1): warning C4819: 该文件包含不能在当前代码页(936)中表示的字符。请将该文件保存为 Unicode 格式以防止数据丢失
  (编译源文件“test.cpp”)
  
C:\Program Files\PCL 1.14.1\3rdParty\VTK\include\vtk-9.3\vtkPolyDataMapper.h(1,1): warning C4819: 该文件包含不能在当前代码页(936)中表示的字符。请将该文件保存为 Unicode 格式以防止数据丢失
  (编译源文件“test.cpp”)
  
C:\Program Files\PCL 1.14.1\include\pcl-1.14\pcl\octree\impl\octree_pointcloud.hpp(522,50): warning C4805: “|”: 在操作中将类型“int”与类型“bool”混合不安全
  (编译源文件“test.cpp”)
  C:\Program Files\PCL 1.14.1\include\pcl-1.14\pcl\octree\impl\octree_pointcloud.hpp(522,50):
  模板实例化上下文(最早的实例化上下文)为
  	D:\JNProject\Code\3DGS\the_gaussian\3DGSRender\test.cpp(23,53):
  	查看对正在编译的 类 模板 实例化“pcl::octree::OctreePointCloudSearch<pcl::PointXYZ,pcl::octree::OctreeContainerPointIndices,pcl::octree::OctreeContainerEmpty>”的引用
  	C:\Program Files\PCL 1.14.1\include\pcl-1.14\pcl\octree\octree_search.h(58,10):
  	查看对正在编译的 类 模板 实例化“pcl::octree::OctreePointCloud<PointT,LeafContainerT,BranchContainerT,pcl::octree::OctreeBase<LeafContainerT,BranchContainerT>>”的引用
          with
          [
              PointT=pcl::PointXYZ,
              LeafContainerT=pcl::octree::OctreeContainerPointIndices,
              BranchContainerT=pcl::octree::OctreeContainerEmpty
          ]
  	C:\Program Files\PCL 1.14.1\include\pcl-1.14\pcl\octree\impl\octree_pointcloud.hpp(55,1):
  	在编译 类 模板 成员函数“pcl::octree::OctreePointCloud<PointT,LeafContainerT,BranchContainerT,pcl::octree::OctreeBase<LeafContainerT,BranchContainerT>>::OctreePointCloud(const double)”时
          with
          [
              PointT=pcl::PointXYZ,
              LeafContainerT=pcl::octree::OctreeContainerPointIndices,
              BranchContainerT=pcl::octree::OctreeContainerEmpty
          ]
  		C:\Program Files\PCL 1.14.1\include\pcl-1.14\pcl\octree\octree_search.h(85,63):
  		请参阅 "pcl::octree::OctreePointCloudSearch<pcl::PointXYZ,pcl::octree::OctreeContainerPointIndices,pcl::octree::OctreeContainerEmpty>::OctreePointCloudSearch" 中对 "pcl::octree::OctreePointCloud<PointT,LeafContainerT,BranchContainerT,pcl::octree::OctreeBase<LeafContainerT,BranchContainerT>>::OctreePointCloud" 的第一个引用
          with
          [
              PointT=pcl::PointXYZ,
              LeafContainerT=pcl::octree::OctreeContainerPointIndices,
              BranchContainerT=pcl::octree::OctreeContainerEmpty
          ]
  		D:\JNProject\Code\3DGS\the_gaussian\3DGSRender\test.cpp(23,59):
  		请参阅 "main" 中对 "pcl::octree::OctreePointCloudSearch<pcl::PointXYZ,pcl::octree::OctreeContainerPointIndices,pcl::octree::OctreeContainerEmpty>::OctreePointCloudSearch" 的第一个引用
  	C:\Program Files\PCL 1.14.1\include\pcl-1.14\pcl\octree\impl\octree_pointcloud.hpp(494,1):
  	在编译 类 模板 成员函数“void pcl::octree::OctreePointCloud<PointT,LeafContainerT,BranchContainerT,pcl::octree::OctreeBase<LeafContainerT,BranchContainerT>>::adoptBoundingBoxToPoint(const PointT &)”时
          with
          [
              PointT=pcl::PointXYZ,
              LeafContainerT=pcl::octree::OctreeContainerPointIndices,
              BranchContainerT=pcl::octree::OctreeContainerEmpty
          ]
  		C:\Program Files\PCL 1.14.1\include\pcl-1.14\pcl\octree\impl\octree_pointcloud.hpp(645,26):
  		请参阅 "pcl::octree::OctreePointCloud<PointT,LeafContainerT,BranchContainerT,pcl::octree::OctreeBase<LeafContainerT,BranchContainerT>>::addPointIdx" 中对 "pcl::octree::OctreePointCloud<PointT,LeafContainerT,BranchContainerT,pcl::octree::OctreeBase<LeafContainerT,BranchContainerT>>::adoptBoundingBoxToPoint" 的第一个引用
          with
          [
              PointT=pcl::PointXYZ,
              LeafContainerT=pcl::octree::OctreeContainerPointIndices,
              BranchContainerT=pcl::octree::OctreeContainerEmpty
          ]
  		C:\Program Files\PCL 1.14.1\include\pcl-1.14\pcl\octree\impl\octree_pointcloud.hpp(85,26):
  		请参阅 "pcl::octree::OctreePointCloud<PointT,LeafContainerT,BranchContainerT,pcl::octree::OctreeBase<LeafContainerT,BranchContainerT>>::addPointsFromInputCloud" 中对 "pcl::octree::OctreePointCloud<PointT,LeafContainerT,BranchContainerT,pcl::octree::OctreeBase<LeafContainerT,BranchContainerT>>::addPointIdx" 的第一个引用
          with
          [
              PointT=pcl::PointXYZ,
              LeafContainerT=pcl::octree::OctreeContainerPointIndices,
              BranchContainerT=pcl::octree::OctreeContainerEmpty
          ]
  		D:\JNProject\Code\3DGS\the_gaussian\3DGSRender\test.cpp(25,32):
  		请参阅 "main" 中对 "pcl::octree::OctreePointCloud<PointT,LeafContainerT,BranchContainerT,pcl::octree::OctreeBase<LeafContainerT,BranchContainerT>>::addPointsFromInputCloud" 的第一个引用
          with
          [
              PointT=pcl::PointXYZ,
              LeafContainerT=pcl::octree::OctreeContainerPointIndices,
              BranchContainerT=pcl::octree::OctreeContainerEmpty
          ]
  
    正在创建库 D:\JNProject\Code\3DGS\the_gaussian\3DGSRender\x64\Debug\3DGSRender.lib 和对象 D:\JNProject\Code\3DGS\the_gaussian\3DGSRender\x64\Debug\3DGSRender.exp
  3DGSRender.vcxproj -> D:\JNProject\Code\3DGS\the_gaussian\3DGSRender\x64\Debug\3DGSRender.exe
